This is pdfTeX, Version 3.14159265-2.6-1.40.16 (TeX Live 2015/Arch Linux) (preloaded format=pdflatex 2015.12.17)  18 MAR 2016 04:36
entering extended mode
 restricted \write18 enabled.
 file:line:error style messages enabled.
 %&-line parsing enabled.
**report.tex
(./report.tex
LaTeX2e <2015/10/01> patch level 2
Babel <3.9m> and hyphenation patterns for 79 languages loaded.
(/usr/share/texmf-dist/tex/latex/base/article.cls
Document Class: article 2014/09/29 v1.4h Standard LaTeX document class
(/usr/share/texmf-dist/tex/latex/base/size11.clo
File: size11.clo 2014/09/29 v1.4h Standard LaTeX file (size option)
)
\c@part=\count79
\c@section=\count80
\c@subsection=\count81
\c@subsubsection=\count82
\c@paragraph=\count83
\c@subparagraph=\count84
\c@figure=\count85
\c@table=\count86
\abovecaptionskip=\skip41
\belowcaptionskip=\skip42
\bibindent=\dimen102
) (/usr/share/texmf-dist/tex/latex/natbib/natbib.sty
Package: natbib 2010/09/13 8.31b (PWD, AO)
\bibhang=\skip43
\bibsep=\skip44
LaTeX Info: Redefining \cite on input line 694.
\c@NAT@ctr=\count87
) (/usr/share/texmf-dist/tex/latex/float/float.sty
Package: float 2001/11/08 v1.3d Float enhancements (AL)
\c@float@type=\count88
\float@exts=\toks14
\float@box=\box26
\@float@everytoks=\toks15
\@floatcapt=\box27
) (/usr/share/texmf-dist/tex/latex/multirow/multirow.sty
\bigstrutjot=\dimen103
) (/usr/share/texmf-dist/tex/latex/tools/tabularx.sty
Package: tabularx 2014/10/28 v2.10 `tabularx' package (DPC)
 (/usr/share/texmf-dist/tex/latex/tools/array.sty
Package: array 2014/10/28 v2.4c Tabular extension package (FMi)
\col@sep=\dimen104
\extrarowheight=\dimen105
\NC@list=\toks16
\extratabsurround=\skip45
\backup@length=\skip46
)
\TX@col@width=\dimen106
\TX@old@table=\dimen107
\TX@old@col=\dimen108
\TX@target=\dimen109
\TX@delta=\dimen110
\TX@cols=\count89
\TX@ftn=\toks17
) (/usr/share/texmf-dist/tex/latex/tools/longtable.sty
Package: longtable 2014/10/28 v4.11 Multi-page Table package (DPC)
\LTleft=\skip47
\LTright=\skip48
\LTpre=\skip49
\LTpost=\skip50
\LTchunksize=\count90
\LTcapwidth=\dimen111
\LT@head=\box28
\LT@firsthead=\box29
\LT@foot=\box30
\LT@lastfoot=\box31
\LT@cols=\count91
\LT@rows=\count92
\c@LT@tables=\count93
\c@LT@chunks=\count94
\LT@p@ftn=\toks18
) (/usr/share/texmf-dist/tex/latex/graphics/graphicx.sty
Package: graphicx 2014/10/28 v1.0g Enhanced LaTeX Graphics (DPC,SPQR)
 (/usr/share/texmf-dist/tex/latex/graphics/keyval.sty
Package: keyval 2014/10/28 v1.15 key=value parser (DPC)
\KV@toks@=\toks19
) (/usr/share/texmf-dist/tex/latex/graphics/graphics.sty
Package: graphics 2014/10/28 v1.0p Standard LaTeX Graphics (DPC,SPQR)
 (/usr/share/texmf-dist/tex/latex/graphics/trig.sty
Package: trig 1999/03/16 v1.09 sin cos tan (DPC)
) (/usr/share/texmf-dist/tex/latex/latexconfig/graphics.cfg
File: graphics.cfg 2010/04/23 v1.9 graphics configuration of TeX Live
)
Package graphics Info: Driver file: pdftex.def on input line 94.
 (/usr/share/texmf-dist/tex/latex/pdftex-def/pdftex.def
File: pdftex.def 2011/05/27 v0.06d Graphics/color for pdfTeX
 (/usr/share/texmf-dist/tex/generic/oberdiek/infwarerr.sty
Package: infwarerr 2010/04/08 v1.3 Providing info/warning/error messages (HO)
) (/usr/share/texmf-dist/tex/generic/oberdiek/ltxcmds.sty
Package: ltxcmds 2011/11/09 v1.22 LaTeX kernel commands for general use (HO)
)
\Gread@gobject=\count95
))
\Gin@req@height=\dimen112
\Gin@req@width=\dimen113
) (/usr/share/texmf-dist/tex/latex/placeins/placeins.sty
Package: placeins 2005/04/18  v 2.2
) (/usr/share/texmf-dist/tex/latex/booktabs/booktabs.sty
Package: booktabs 2005/04/14 v1.61803 publication quality tables
\heavyrulewidth=\dimen114
\lightrulewidth=\dimen115
\cmidrulewidth=\dimen116
\belowrulesep=\dimen117
\belowbottomsep=\dimen118
\aboverulesep=\dimen119
\abovetopsep=\dimen120
\cmidrulesep=\dimen121
\cmidrulekern=\dimen122
\defaultaddspace=\dimen123
\@cmidla=\count96
\@cmidlb=\count97
\@aboverulesep=\dimen124
\@belowrulesep=\dimen125
\@thisruleclass=\count98
\@lastruleclass=\count99
\@thisrulewidth=\dimen126
) (/usr/share/texmf-dist/tex/latex/caption/caption.sty
Package: caption 2015/09/17 v3.3-111 Customizing captions (AR)
 (/usr/share/texmf-dist/tex/latex/caption/caption3.sty
Package: caption3 2015/09/20 v1.7-115 caption3 kernel (AR)
Package caption3 Info: TeX engine: e-TeX on input line 57.
\captionmargin=\dimen127
\captionmargin@=\dimen128
\captionwidth=\dimen129
\caption@tempdima=\dimen130
\caption@indent=\dimen131
\caption@parindent=\dimen132
\caption@hangindent=\dimen133
)
\c@ContinuedFloat=\count100
Package caption Info: float package is loaded.
Package caption Info: longtable package is loaded.
 (/usr/share/texmf-dist/tex/latex/caption/ltcaption.sty
Package: ltcaption 2013/06/09 v1.4-94 longtable captions (AR)
)) (/usr/share/texmf-dist/tex/latex/listings/listings.sty
\lst@mode=\count101
\lst@gtempboxa=\box32
\lst@token=\toks20
\lst@length=\count102
\lst@currlwidth=\dimen134
\lst@column=\count103
\lst@pos=\count104
\lst@lostspace=\dimen135
\lst@width=\dimen136
\lst@newlines=\count105
\lst@lineno=\count106
\lst@maxwidth=\dimen137
 (/usr/share/texmf-dist/tex/latex/listings/lstmisc.sty
File: lstmisc.sty 2015/06/04 1.6 (Carsten Heinz)
\c@lstnumber=\count107
\lst@skipnumbers=\count108
\lst@framebox=\box33
) (/usr/share/texmf-dist/tex/latex/listings/listings.cfg
File: listings.cfg 2015/06/04 1.6 listings configuration
))
Package: listings 2015/06/04 1.6 (Carsten Heinz)
 (/usr/share/texmf-dist/tex/latex/appendix/appendix.sty
Package: appendix 2009/09/02 v1.2b extra appendix facilities
\c@@pps=\count109
\c@@ppsavesec=\count110
\c@@ppsaveapp=\count111
) (./report.aux)
\openout1 = `report.aux'.

LaTeX Font Info:    Checking defaults for OML/cmm/m/it on input line 28.
LaTeX Font Info:    ... okay on input line 28.
LaTeX Font Info:    Checking defaults for T1/cmr/m/n on input line 28.
LaTeX Font Info:    ... okay on input line 28.
LaTeX Font Info:    Checking defaults for OT1/cmr/m/n on input line 28.
LaTeX Font Info:    ... okay on input line 28.
LaTeX Font Info:    Checking defaults for OMS/cmsy/m/n on input line 28.
LaTeX Font Info:    ... okay on input line 28.
LaTeX Font Info:    Checking defaults for OMX/cmex/m/n on input line 28.
LaTeX Font Info:    ... okay on input line 28.
LaTeX Font Info:    Checking defaults for U/cmr/m/n on input line 28.
LaTeX Font Info:    ... okay on input line 28.
 (/usr/share/texmf-dist/tex/context/base/supp-pdf.mkii
[Loading MPS to PDF converter (version 2006.09.02).]
\scratchcounter=\count112
\scratchdimen=\dimen138
\scratchbox=\box34
\nofMPsegments=\count113
\nofMParguments=\count114
\everyMPshowfont=\toks21
\MPscratchCnt=\count115
\MPscratchDim=\dimen139
\MPnumerator=\count116
\makeMPintoPDFobject=\count117
\everyMPtoPDFconversion=\toks22
) (/usr/share/texmf-dist/tex/generic/oberdiek/pdftexcmds.sty
Package: pdftexcmds 2011/11/29 v0.20 Utility functions of pdfTeX for LuaTeX (HO)
 (/usr/share/texmf-dist/tex/generic/oberdiek/ifluatex.sty
Package: ifluatex 2010/03/01 v1.3 Provides the ifluatex switch (HO)
Package ifluatex Info: LuaTeX not detected.
) (/usr/share/texmf-dist/tex/generic/oberdiek/ifpdf.sty
Package: ifpdf 2011/01/30 v2.3 Provides the ifpdf switch (HO)
Package ifpdf Info: pdfTeX in PDF mode is detected.
)
Package pdftexcmds Info: LuaTeX not detected.
Package pdftexcmds Info: \pdf@primitive is available.
Package pdftexcmds Info: \pdf@ifprimitive is available.
Package pdftexcmds Info: \pdfdraftmode found.
) (/usr/share/texmf-dist/tex/latex/oberdiek/epstopdf-base.sty
Package: epstopdf-base 2010/02/09 v2.5 Base part for package epstopdf
 (/usr/share/texmf-dist/tex/latex/oberdiek/grfext.sty
Package: grfext 2010/08/19 v1.1 Manage graphics extensions (HO)
 (/usr/share/texmf-dist/tex/generic/oberdiek/kvdefinekeys.sty
Package: kvdefinekeys 2011/04/07 v1.3 Define keys (HO)
)) (/usr/share/texmf-dist/tex/latex/oberdiek/kvoptions.sty
Package: kvoptions 2011/06/30 v3.11 Key value format for package options (HO)
 (/usr/share/texmf-dist/tex/generic/oberdiek/kvsetkeys.sty
Package: kvsetkeys 2012/04/25 v1.16 Key value parser (HO)
 (/usr/share/texmf-dist/tex/generic/oberdiek/etexcmds.sty
Package: etexcmds 2011/02/16 v1.5 Avoid name clashes with e-TeX commands (HO)
Package etexcmds Info: Could not find \expanded.
(etexcmds)             That can mean that you are not using pdfTeX 1.50 or
(etexcmds)             that some package has redefined \expanded.
(etexcmds)             In the latter case, load this package earlier.
)))
Package grfext Info: Graphics extension search list:
(grfext)             [.png,.pdf,.jpg,.mps,.jpeg,.jbig2,.jb2,.PNG,.PDF,.JPG,.JPEG,.JBIG2,.JB2,.eps]
(grfext)             \AppendGraphicsExtensions on input line 452.
 (/usr/share/texmf-dist/tex/latex/latexconfig/epstopdf-sys.cfg
File: epstopdf-sys.cfg 2010/07/13 v1.3 Configuration of (r)epstopdf for TeX Live
))
Package caption Info: Begin \AtBeginDocument code.
Package caption Info: listings package is loaded.
Package caption Info: End \AtBeginDocument code.
\c@lstlisting=\count118
LaTeX Font Info:    External font `cmex10' loaded for size
(Font)              <12> on input line 31.
LaTeX Font Info:    External font `cmex10' loaded for size
(Font)              <8> on input line 31.
LaTeX Font Info:    External font `cmex10' loaded for size
(Font)              <6> on input line 31.
 [1

{/var/lib/texmf/fonts/map/pdftex/updmap/pdftex.map}] (./report.toc
LaTeX Font Info:    External font `cmex10' loaded for size
(Font)              <10.95> on input line 2.
)
\tf@toc=\write3
\openout3 = `report.toc'.

 [2] <images/p1_un.pdf, id=14, 505.89pt x 505.89pt>
File: images/p1_un.pdf Graphic file (type pdf)
 <use images/p1_un.pdf>
Package pdftex.def Info: images/p1_un.pdf used on input line 44.
(pdftex.def)             Requested size: 390.25534pt x 390.2621pt.
 [3]

Package Listings Warning: Text dropped after begin of listing on input line 53.

<images/p2_un.pdf, id=19, 505.89pt x 505.89pt>
File: images/p2_un.pdf Graphic file (type pdf)
 <use images/p2_un.pdf>
Package pdftex.def Info: images/p2_un.pdf used on input line 63.
(pdftex.def)             Requested size: 433.62pt x 433.62885pt.
 [4 <./images/p1_un.pdf>] <images/p3a_un.pdf, id=30, 505.89pt x 505.89pt>
File: images/p3a_un.pdf Graphic file (type pdf)
 <use images/p3a_un.pdf>
Package pdftex.def Info: images/p3a_un.pdf used on input line 70.
(pdftex.def)             Requested size: 433.62pt x 433.62885pt.
 [5 <./images/p2_un.pdf>] <images/p3b_un.pdf, id=40, 505.89pt x 505.89pt>
File: images/p3b_un.pdf Graphic file (type pdf)
 <use images/p3b_un.pdf>
Package pdftex.def Info: images/p3b_un.pdf used on input line 77.
(pdftex.def)             Requested size: 433.62pt x 433.62885pt.
 [6 <./images/p3a_un.pdf>] <images/p3c_un.pdf, id=50, 505.89pt x 505.89pt>
File: images/p3c_un.pdf Graphic file (type pdf)
 <use images/p3c_un.pdf>
Package pdftex.def Info: images/p3c_un.pdf used on input line 84.
(pdftex.def)             Requested size: 433.62pt x 433.62885pt.
 [7 <./images/p3b_un.pdf>] [8 <./images/p3c_un.pdf>]

Package Listings Warning: Text dropped after begin of listing on input line 102.


Overfull \hbox (35.4779pt too wide) in paragraph at lines 105--106
[][][][][][][][][][][][][][][][][][][] 
 []

[9]

Package Listings Warning: Text dropped after begin of listing on input line 133.

<images/p1_n.pdf, id=73, 505.89pt x 505.89pt>
File: images/p1_n.pdf Graphic file (type pdf)
 <use images/p1_n.pdf>
Package pdftex.def Info: images/p1_n.pdf used on input line 143.
(pdftex.def)             Requested size: 433.62pt x 433.62885pt.
 [10] [11 <./images/p1_n.pdf>] <images/p2_n.pdf, id=86, 505.89pt x 505.89pt>
File: images/p2_n.pdf Graphic file (type pdf)
 <use images/p2_n.pdf>
Package pdftex.def Info: images/p2_n.pdf used on input line 152.
(pdftex.def)             Requested size: 433.62pt x 433.62885pt.
 [12 <./images/p2_n.pdf>] <images/p3a_n.pdf, id=96, 505.89pt x 505.89pt>
File: images/p3a_n.pdf Graphic file (type pdf)
 <use images/p3a_n.pdf>
Package pdftex.def Info: images/p3a_n.pdf used on input line 159.
(pdftex.def)             Requested size: 433.62pt x 433.62885pt.
 [13 <./images/p3a_n.pdf>] <images/p3b_n.pdf, id=107, 505.89pt x 505.89pt>
File: images/p3b_n.pdf Graphic file (type pdf)
 <use images/p3b_n.pdf>
Package pdftex.def Info: images/p3b_n.pdf used on input line 166.
(pdftex.def)             Requested size: 433.62pt x 433.62885pt.
 [14 <./images/p3b_n.pdf>] <images/p3c_n.pdf, id=117, 505.89pt x 505.89pt>
File: images/p3c_n.pdf Graphic file (type pdf)
 <use images/p3c_n.pdf>
Package pdftex.def Info: images/p3c_n.pdf used on input line 173.
(pdftex.def)             Requested size: 433.62pt x 433.62885pt.
 [15 <./images/p3c_n.pdf>] [16] <images/t2_tree.pdf, id=130, 505.89pt x 505.89pt>
File: images/t2_tree.pdf Graphic file (type pdf)
 <use images/t2_tree.pdf>
Package pdftex.def Info: images/t2_tree.pdf used on input line 212.
(pdftex.def)             Requested size: 303.53267pt x 303.53633pt.
 [17] [18 <./images/t2_tree.pdf>] <images/t2_tree_prune.pdf, id=150, 505.89pt x 505.89pt>
File: images/t2_tree_prune.pdf Graphic file (type pdf)
 <use images/t2_tree_prune.pdf>
Package pdftex.def Info: images/t2_tree_prune.pdf used on input line 220.
(pdftex.def)             Requested size: 433.62pt x 433.62885pt.
 [19 <./images/t2_tree_prune.pdf>] [20]

Package Listings Warning: Text dropped after begin of listing on input line 273.


Overfull \hbox (28.5794pt too wide) in paragraph at lines 275--277
[][][][][][][][][][][][][][][][][][][][][][][] 
 []


Overfull \hbox (35.4779pt too wide) in paragraph at lines 283--284
[][][][][][][][][][][][][][][] 
 []

[21] [22] <images/t3/roc_low.pdf, id=173, 505.89pt x 505.89pt>
File: images/t3/roc_low.pdf Graphic file (type pdf)
 <use images/t3/roc_low.pdf>
Package pdftex.def Info: images/t3/roc_low.pdf used on input line 343.
(pdftex.def)             Requested size: 390.25534pt x 390.2621pt.
 [23] <images/t3/roc_reg_hl.pdf, id=177, 505.89pt x 505.89pt>
File: images/t3/roc_reg_hl.pdf Graphic file (type pdf)
 <use images/t3/roc_reg_hl.pdf>
Package pdftex.def Info: images/t3/roc_reg_hl.pdf used on input line 350.
(pdftex.def)             Requested size: 390.25534pt x 390.2621pt.
 <images/t3/roc_scaled.pdf, id=178, 505.89pt x 505.89pt>
File: images/t3/roc_scaled.pdf Graphic file (type pdf)
 <use images/t3/roc_scaled.pdf>
Package pdftex.def Info: images/t3/roc_scaled.pdf used on input line 356.
(pdftex.def)             Requested size: 390.25534pt x 390.2621pt.
 [24 <./images/t3/roc_low.pdf>] [25 <./images/t3/roc_reg_hl.pdf>] <images/t3/roc_low_reg_hl.pdf, id=196, 505.89pt x 505.89pt>
File: images/t3/roc_low_reg_hl.pdf Graphic file (type pdf)
 <use images/t3/roc_low_reg_hl.pdf>
Package pdftex.def Info: images/t3/roc_low_reg_hl.pdf used on input line 363.
(pdftex.def)             Requested size: 390.25534pt x 390.2621pt.
 [26 <./images/t3/roc_scaled.pdf>] <images/t3/acc_low.pdf, id=205, 505.89pt x 505.89pt>
File: images/t3/acc_low.pdf Graphic file (type pdf)
 <use images/t3/acc_low.pdf>
Package pdftex.def Info: images/t3/acc_low.pdf used on input line 370.
(pdftex.def)             Requested size: 390.25534pt x 390.2621pt.
 [27 <./images/t3/roc_low_reg_hl.pdf>] <images/t3/acc_reg_hl.pdf, id=214, 505.89pt x 505.89pt>
File: images/t3/acc_reg_hl.pdf Graphic file (type pdf)
 <use images/t3/acc_reg_hl.pdf>
Package pdftex.def Info: images/t3/acc_reg_hl.pdf used on input line 377.
(pdftex.def)             Requested size: 390.25534pt x 390.2621pt.
 <images/t3/acc_scaled.pdf, id=215, 505.89pt x 505.89pt>
File: images/t3/acc_scaled.pdf Graphic file (type pdf)
 <use images/t3/acc_scaled.pdf>
Package pdftex.def Info: images/t3/acc_scaled.pdf used on input line 383.
(pdftex.def)             Requested size: 390.25534pt x 390.2621pt.
 [28 <./images/t3/acc_low.pdf>] [29 <./images/t3/acc_reg_hl.pdf>] <images/t3/acc_low_reg_hl.pdf, id=232, 505.89pt x 505.89pt>
File: images/t3/acc_low_reg_hl.pdf Graphic file (type pdf)
 <use images/t3/acc_low_reg_hl.pdf>
Package pdftex.def Info: images/t3/acc_low_reg_hl.pdf used on input line 390.
(pdftex.def)             Requested size: 390.25534pt x 390.2621pt.
 [30 <./images/t3/acc_scaled.pdf>] [31 <./images/t3/acc_low_reg_hl.pdf>] [32] (./report.bbl
Missing character: There is no â in font cmti10!
Missing character: There is no € in font cmti10!
Missing character: There is no ” in font cmti10!
) [33] (./report.aux) ) 
Here is how much of TeX's memory you used:
 4675 strings out of 493054
 70755 string characters out of 6140585
 139299 words of memory out of 5000000
 8124 multiletter control sequences out of 15000+600000
 9325 words of font info for 33 fonts, out of 8000000 for 9000
 1141 hyphenation exceptions out of 8191
 38i,6n,38p,820b,1023s stack positions out of 5000i,500n,10000p,200000b,80000s
</usr/share/texmf-dist/fonts/type1/public/amsfonts/cm/cmbx10.pfb></usr/share/texmf-dist/fonts/type1/public/amsfonts/cm/cmbx12.pfb></usr/share/texmf-dist/fonts/type1/public/amsfonts/cm/cmmi10.pfb></usr/share/texmf-dist/fonts/type1/public/amsfonts/cm/cmr10.pfb></usr/share/texmf-dist/fonts/type1/public/amsfonts/cm/cmr12.pfb></usr/share/texmf-dist/fonts/type1/public/amsfonts/cm/cmr17.pfb></usr/share/texmf-dist/fonts/type1/public/amsfonts/cm/cmr6.pfb></usr/share/texmf-dist/fonts/type1/public/amsfonts/cm/cmti10.pfb></usr/share/texmf-dist/fonts/type1/public/amsfonts/cm/cmtt10.pfb>
Output written on report.pdf (33 pages, 323020 bytes).
PDF statistics:
 286 PDF objects out of 1000 (max. 8388607)
 200 compressed objects within 2 object streams
 0 named destinations out of 1000 (max. 500000)
 101 words of extra memory for PDF output out of 10000 (max. 10000000)

